2026-04-05T02:07:02+00:00 DEBUG POST: https://business-api.tiktok.com/tbp/v2.0/business_profile/disconnect?external_data=

{"business_platform":"WOO_COMMERCE","external_business_id":"tt4b_woocommerce_69d1c127036b0"}
 ajax: no
2026-04-05T02:07:02+00:00 DEBUG Tt4b_Mapi_Class::tbp_post: Response: 

HTTP/1.1 200 OK
Content-Type: application/json; charset=utf-8
Content-Length: 95
X-Api-Deprecation-Info: API for Business Version 1.3 is now live. To avoid disruption to your business, we recommend you migrate all calls to v1.3 as soon as possible. Please visit our migration guide for more details: https://ads.tiktok.com/marketing_api/docs?id=1740029169927169
X-Domain-Change-Info: We have moved to the new domain business-api.tiktok.com for API services after the Platform Upgrade on 09/30/2021. Please update all of your requests with the new domain if you haven't done so already. For more information, please visit https://ads.tiktok.com/marketing_api/docs?rid=esb88xalm6m&id=1709207085043713
X-Tt-Logid: 2026040510070259B5988ADBF2E0A1842C
Access-Control-Expose-Headers: x-tt-traceflag,x-tt-logid
x-tt-trace-host: 01ba6c3a0e0e0caff664173fc291c94e95847cc0772d055f14fa77138d20779dc33eb02c56ec68e30485f3533b90978fb4126ee473691fdb8f2f1973788c69566f673ea28b307986dab4c30fdf78963a2f65575db09e83820090d8a64d988e3d696fa34f1209e0bdeaf5f4597b16b07710
x-tt-trace-id: 00-26040510070259B5988ADBF2E0A1842C-04E60BF1520FD161-00
Server: TLB
X-Origin-Response-Time: 11,23.210.250.103
X-Akamai-Request-ID: 16df6cac.6fa2bf19
Expires: Sun, 05 Apr 2026 02:07:02 GMT
Cache-Control: max-age=0, no-cache, no-store
Pragma: no-cache
Date: Sun, 05 Apr 2026 02:07:02 GMT
X-Cache: TCP_MISS from a23-52-15-172.deploy.akamaitechnologies.com (AkamaiGHost/22.4.5-f6127473d93ee4320e9a40154546bf6e) (-)
Connection: close
X-Cache-Remote: TCP_MISS from a23-210-250-103.deploy.akamaitechnologies.com (AkamaiGHost/22.4.5-f6127473d93ee4320e9a40154546bf6e) (-)
x-tt-trace-tag: id=16;cdn-cache=miss;type=dyn
Server-Timing: cdn-cache; desc=MISS, edge; dur=233, origin; dur=11
Server-Timing: inner; dur=7
X-Parent-Response-Time: 241,23.52.15.172

{"code":40001,"message":"Permission denied.","request_id":"2026040510070259B5988ADBF2E0A1842C"}
2026-04-05T02:07:02+00:00 DEBUG POST: https://business-api.tiktok.com/tbp/v2.0/shop/connection/disconnect?external_data=

--- EMPTY STRING ---
 ajax: no
2026-04-05T02:07:02+00:00 DEBUG Tt4b_Mapi_Class::tts_shop_disconnect: Response: 

HTTP/1.1 200 OK
Content-Type: application/json; charset=utf-8
Content-Length: 95
X-Api-Deprecation-Info: API for Business Version 1.3 is now live. To avoid disruption to your business, we recommend you migrate all calls to v1.3 as soon as possible. Please visit our migration guide for more details: https://ads.tiktok.com/marketing_api/docs?id=1740029169927169
X-Domain-Change-Info: We have moved to the new domain business-api.tiktok.com for API services after the Platform Upgrade on 09/30/2021. Please update all of your requests with the new domain if you haven't done so already. For more information, please visit https://ads.tiktok.com/marketing_api/docs?rid=esb88xalm6m&id=1709207085043713
X-Tt-Logid: 202604051007028145D8A946E7D794D972
Access-Control-Expose-Headers: x-tt-traceflag,x-tt-logid
x-tt-trace-host: 01ba6c3a0e0e0caff664173fc291c94e95c9bb32cb51b4c93b7c83dd5f7639df3661737af6e73dca4c5d4bb633afc6d5332b66429d95f2cf47863199df5f3611342452e1eace57694855bf0f5124a7d451f4fa03ddc3914bea66f8a7556fb82b8b63d344d0cff4304a1bdbd49d085e7bf7
x-tt-trace-id: 00-2604051007028145D8A946E7D794D972-5532AF7E569C019A-00
Server: TLB
X-Origin-Response-Time: 13,23.210.250.54
X-Akamai-Request-ID: 37893c8b.2693bbf2
Expires: Sun, 05 Apr 2026 02:07:02 GMT
Cache-Control: max-age=0, no-cache, no-store
Pragma: no-cache
Date: Sun, 05 Apr 2026 02:07:02 GMT
X-Cache: TCP_MISS from a23-52-15-170.deploy.akamaitechnologies.com (AkamaiGHost/22.4.5-f6127473d93ee4320e9a40154546bf6e) (-)
Connection: close
X-Cache-Remote: TCP_MISS from a23-210-250-54.deploy.akamaitechnologies.com (AkamaiGHost/22.4.5-f6127473d93ee4320e9a40154546bf6e) (-)
x-tt-trace-tag: id=16;cdn-cache=miss;type=dyn
Server-Timing: cdn-cache; desc=MISS, edge; dur=273, origin; dur=12
Server-Timing: inner; dur=8
X-Parent-Response-Time: 275,23.52.15.170

{"code":40001,"message":"Permission denied.","request_id":"202604051007028145D8A946E7D794D972"}
